Drill report for intex_spa_V4.kicad_pcb
Created on 10/10/2023 15:43:35

Copper Layer Stackup:
    =============================================================
    L1 :  F.Cu                      front
    L2 :  B.Cu                      back


Drill file 'intex_spa_V4-PTH.drl' contains
    plated through holes:
    =============================================================
    T1  0,300mm  0,0118"  (6 holes)
    T2  0,400mm  0,0157"  (2 holes)
    T3  0,500mm  0,0197"  (5 holes)
    T4  0,600mm  0,0236"  (5 holes)
    T5  0,800mm  0,0315"  (40 holes)
    T6  0,813mm  0,0320"  (98 holes)
    T7  1,000mm  0,0394"  (6 holes)
    T8  1,016mm  0,0400"  (19 holes)
    T9  1,118mm  0,0440"  (16 holes)
    T10  1,200mm  0,0472"  (8 holes)
    T11  1,300mm  0,0512"  (53 holes)
    T12  1,854mm  0,0730"  (24 holes)

    Total plated holes count 282


Drill file 'intex_spa_V4-NPTH.drl' contains
    unplated through holes:
    =============================================================
    T1  5,000mm  0,1969"  (4 holes)

    Total unplated holes count 4
